mode: set
hafiztri123/log-pipeline/cmd/main.go:8.13,18.29 3 0
hafiztri123/log-pipeline/cmd/main.go:18.29,21.3 2 0
hafiztri123/log-pipeline/internal/parser/format_detector.go:23.42,29.2 1 1
hafiztri123/log-pipeline/internal/parser/format_detector.go:31.63,32.35 1 1
hafiztri123/log-pipeline/internal/parser/format_detector.go:32.35,34.3 1 1
hafiztri123/log-pipeline/internal/parser/format_detector.go:36.2,36.42 1 1
hafiztri123/log-pipeline/internal/parser/format_detector.go:36.42,38.3 1 1
hafiztri123/log-pipeline/internal/parser/format_detector.go:40.2,40.38 1 1
hafiztri123/log-pipeline/internal/parser/format_detector.go:40.38,42.3 1 1
hafiztri123/log-pipeline/internal/parser/format_detector.go:44.2,44.41 1 1
hafiztri123/log-pipeline/internal/parser/format_detector.go:44.41,46.3 1 1
hafiztri123/log-pipeline/internal/parser/format_detector.go:48.2,48.16 1 1
hafiztri123/log-pipeline/internal/parser/format_detector.go:51.73,53.20 2 1
hafiztri123/log-pipeline/internal/parser/format_detector.go:53.20,55.3 1 0
hafiztri123/log-pipeline/internal/parser/format_detector.go:57.2,66.3 1 1
hafiztri123/log-pipeline/internal/parser/format_detector.go:69.78,71.20 2 1
hafiztri123/log-pipeline/internal/parser/format_detector.go:71.20,73.3 1 0
hafiztri123/log-pipeline/internal/parser/format_detector.go:75.2,79.3 1 1
hafiztri123/log-pipeline/internal/parser/format_detector.go:82.36,83.11 1 1
hafiztri123/log-pipeline/internal/parser/format_detector.go:84.17,85.18 1 1
hafiztri123/log-pipeline/internal/parser/format_detector.go:86.22,87.23 1 1
hafiztri123/log-pipeline/internal/parser/format_detector.go:88.30,89.24 1 1
hafiztri123/log-pipeline/internal/parser/format_detector.go:90.10,91.19 1 1
